2018-01-08 15:32:51,818 [Worker-4] INFO  c.g.t.t.d.PublishedGradleVersions - Gradle version information cache is up-to-date. Trying to read.
2018-01-08 15:33:51,635 [Worker-7] INFO  o.e.m.c.i.p.ProjectConfigurationManager - Collecting project info '/pom.xml' D:\NewWebWorkSpace\studentHelper\pom.xml
2018-01-08 15:33:52,304 [Worker-7] INFO  o.e.m.c.i.l.LifecycleMappingFactory - Using org.eclipse.m2e.jdt.JarLifecycleMapping lifecycle mapping for MavenProject: com.ty:studentHelper:0.0.1-SNAPSHOT @ D:\NewWebWorkSpace\studentHelper\pom.xml.
2018-01-08 15:33:52,817 [Worker-7] INFO  o.e.m.j.i.AbstractJavaProjectConfigurator - Adding source folder /studentHelper/src/main/java
2018-01-08 15:33:52,820 [Worker-7] INFO  o.e.m.j.i.AbstractJavaProjectConfigurator - Adding source folder /studentHelper/src/test/java
2018-01-08 15:33:53,485 [Worker-7] INFO  o.e.m.c.i.p.ProjectConfigurationManager - Imported and configured 1 project(s) in 1 sec
2018-01-08 15:33:53,951 [Worker-14] INFO  o.e.m.c.i.embedder.EclipseLogger - Using 'UTF-8' encoding to copy filtered resources.
2018-01-08 15:33:53,951 [Worker-14] INFO  o.e.m.c.i.embedder.EclipseLogger - skip non existing resourceDirectory D:\NewWebWorkSpace\studentHelper\src\main\resources
2018-01-08 15:33:53,953 [Worker-14] INFO  o.e.m.c.i.embedder.EclipseLogger - Using 'UTF-8' encoding to copy filtered resources.
2018-01-08 15:33:53,953 [Worker-14] INFO  o.e.m.c.i.embedder.EclipseLogger - skip non existing resourceDirectory D:\NewWebWorkSpace\studentHelper\src\test\resources
2018-01-08 15:34:27,371 [Worker-17] INFO  o.e.m.c.i.l.LifecycleMappingFactory - Using NULL lifecycle mapping for MavenProject: com.ty:studentHelper:0.0.1-SNAPSHOT @ D:\NewWebWorkSpace\studentHelper\pom.xml.
2018-01-08 15:38:44,760 [Worker-17] INFO  o.e.m.c.i.l.LifecycleMappingFactory - Using NULL lifecycle mapping for MavenProject: com.ty:parent:0.0.1-SNAPSHOT @ D:\NewWebWorkSpace\parent\pom.xml.
2018-01-08 15:39:05,990 [Worker-8] INFO  o.e.m.c.i.l.LifecycleMappingFactory - Using NULL lifecycle mapping for MavenProject: e3.parent:e3-parent:0.0.1-SNAPSHOT @ D:\NewWebWorkSpace\parent\pom.xml.
2018-01-08 15:39:10,795 [Worker-7] INFO  o.e.m.c.i.l.LifecycleMappingFactory - Using NULL lifecycle mapping for MavenProject: e3.parent:e3-parent:0.0.1-SNAPSHOT @ D:\NewWebWorkSpace\parent\pom.xml.
2018-01-08 15:39:23,256 [Worker-4] INFO  o.e.m.c.i.l.LifecycleMappingFactory - Using NULL lifecycle mapping for MavenProject: com.ty:parent:0.0.1-SNAPSHOT @ D:\NewWebWorkSpace\parent\pom.xml.
2018-01-08 15:40:41,840 [Worker-1] INFO  o.e.m.c.i.l.LifecycleMappingFactory - Using org.maven.ide.eclipse.wtp.WarLifecycleMapping lifecycle mapping for MavenProject: com.ty:studentHelper:0.0.1-SNAPSHOT @ D:\NewWebWorkSpace\studentHelper\pom.xml.
2018-01-08 15:40:42,369 [Worker-1] INFO  o.e.m.j.i.AbstractJavaProjectConfigurator - Adding source folder /studentHelper/src/main/java
2018-01-08 15:40:42,369 [Worker-1] INFO  o.e.m.j.i.AbstractJavaProjectConfigurator - Adding resource folder /studentHelper/src/main/resources
2018-01-08 15:40:42,385 [Worker-1] INFO  o.e.m.j.i.AbstractJavaProjectConfigurator - Adding source folder /studentHelper/src/test/java
2018-01-08 15:40:42,385 [Worker-1] INFO  o.e.m.j.i.AbstractJavaProjectConfigurator - Adding resource folder /studentHelper/src/test/resources
2018-01-08 15:40:44,001 [Worker-4] INFO  o.e.m.c.i.embedder.EclipseLogger - Using 'UTF-8' encoding to copy filtered resources.
2018-01-08 15:40:44,017 [Worker-4] INFO  o.e.m.c.i.embedder.EclipseLogger - Copying 0 resource
2018-01-08 15:40:44,017 [Worker-4] INFO  o.e.m.c.i.embedder.EclipseLogger - Using 'UTF-8' encoding to copy filtered resources.
2018-01-08 15:40:44,017 [Worker-4] INFO  o.e.m.c.i.embedder.EclipseLogger - Copying 0 resource
2018-01-08 15:40:45,149 [Worker-1] INFO  o.e.m.c.i.embedder.EclipseLogger - Using 'UTF-8' encoding to copy filtered resources.
2018-01-08 15:40:45,157 [Worker-1] INFO  o.e.m.c.i.embedder.EclipseLogger - Copying 0 resource
2018-01-08 15:40:45,158 [Worker-1] INFO  o.e.m.c.i.embedder.EclipseLogger - Using 'UTF-8' encoding to copy filtered resources.
2018-01-08 15:40:45,158 [Worker-1] INFO  o.e.m.c.i.embedder.EclipseLogger - Copying 0 resource
2018-01-08 15:41:29,936 [Worker-4] INFO  o.e.m.c.i.p.ProjectConfigurationManager - Collecting project info '/pom.xml' D:\NewWebWorkSpace\studentHelper\pom.xml
2018-01-08 15:41:30,186 [Worker-4] INFO  o.e.m.c.i.l.LifecycleMappingFactory - Using org.eclipse.m2e.jdt.JarLifecycleMapping lifecycle mapping for MavenProject: com.ty:studentHelper:0.0.1-SNAPSHOT @ D:\NewWebWorkSpace\studentHelper\pom.xml.
2018-01-08 15:41:30,449 [Worker-4] INFO  o.e.m.j.i.AbstractJavaProjectConfigurator - Adding source folder /studentHelper/src/main/java
2018-01-08 15:41:30,451 [Worker-4] INFO  o.e.m.j.i.AbstractJavaProjectConfigurator - Adding source folder /studentHelper/src/test/java
2018-01-08 15:41:30,482 [Worker-4] INFO  o.e.m.c.i.p.ProjectConfigurationManager - Imported and configured 1 project(s) in 0 sec
2018-01-08 15:41:30,692 [Worker-15] INFO  o.e.m.c.i.embedder.EclipseLogger - Using 'UTF-8' encoding to copy filtered resources.
2018-01-08 15:41:30,692 [Worker-15] INFO  o.e.m.c.i.embedder.EclipseLogger - skip non existing resourceDirectory D:\NewWebWorkSpace\studentHelper\src\main\resources
2018-01-08 15:41:30,694 [Worker-15] INFO  o.e.m.c.i.embedder.EclipseLogger - Using 'UTF-8' encoding to copy filtered resources.
2018-01-08 15:41:30,695 [Worker-15] INFO  o.e.m.c.i.embedder.EclipseLogger - skip non existing resourceDirectory D:\NewWebWorkSpace\studentHelper\src\test\resources
2018-01-08 15:41:51,068 [Worker-17] INFO  o.e.m.c.i.l.LifecycleMappingFactory - Using null lifecycle mapping for MavenProject: com.ty:studentHelper:0.0.1-SNAPSHOT @ D:\NewWebWorkSpace\studentHelper\pom.xml.
2018-01-08 15:42:12,597 [Worker-1] INFO  o.e.m.c.i.l.LifecycleMappingFactory - Using org.maven.ide.eclipse.wtp.WarLifecycleMapping lifecycle mapping for MavenProject: com.ty:studentHelper:0.0.1-SNAPSHOT @ D:\NewWebWorkSpace\studentHelper\pom.xml.
2018-01-08 15:42:12,939 [Worker-1] INFO  o.e.m.c.i.embedder.EclipseLogger - Using 'UTF-8' encoding to copy filtered resources.
2018-01-08 15:42:12,939 [Worker-1] INFO  o.e.m.c.i.embedder.EclipseLogger - skip non existing resourceDirectory D:\NewWebWorkSpace\studentHelper\src\main\resources
2018-01-08 15:42:12,939 [Worker-1] INFO  o.e.m.c.i.embedder.EclipseLogger - Using 'UTF-8' encoding to copy filtered resources.
2018-01-08 15:42:12,939 [Worker-1] INFO  o.e.m.c.i.embedder.EclipseLogger - skip non existing resourceDirectory D:\NewWebWorkSpace\studentHelper\src\test\resources
2018-01-08 15:42:12,939 [Worker-1] INFO  o.e.m.w.i.f.ResourceFilteringBuildParticipant - Changed resources require a complete clean of filtered resources of studentHelper
2018-01-08 15:42:12,955 [Worker-1] INFO  o.e.m.w.i.f.ResourceFilteringBuildParticipant - Executing resource filtering for studentHelper
2018-01-08 15:42:12,955 [Worker-1] INFO  o.e.m.c.i.embedder.EclipseLogger - Using 'UTF-8' encoding to copy filtered resources.
2018-01-08 15:42:24,282 [Worker-15] INFO  o.e.m.c.i.l.LifecycleMappingFactory - Using org.maven.ide.eclipse.wtp.WarLifecycleMapping lifecycle mapping for MavenProject: com.ty:studentHelper:0.0.1-SNAPSHOT @ D:\NewWebWorkSpace\studentHelper\pom.xml.
2018-01-08 15:42:24,667 [Worker-15] INFO  o.e.m.c.i.embedder.EclipseLogger - Using 'UTF-8' encoding to copy filtered resources.
2018-01-08 15:42:24,668 [Worker-15] INFO  o.e.m.c.i.embedder.EclipseLogger - skip non existing resourceDirectory D:\NewWebWorkSpace\studentHelper\src\main\resources
2018-01-08 15:42:24,669 [Worker-15] INFO  o.e.m.c.i.embedder.EclipseLogger - Using 'UTF-8' encoding to copy filtered resources.
2018-01-08 15:42:24,669 [Worker-15] INFO  o.e.m.c.i.embedder.EclipseLogger - skip non existing resourceDirectory D:\NewWebWorkSpace\studentHelper\src\test\resources
2018-01-08 15:42:24,669 [Worker-15] INFO  o.e.m.w.i.f.ResourceFilteringBuildParticipant - Changed resources require a complete clean of filtered resources of studentHelper
2018-01-08 15:42:24,669 [Worker-15] INFO  o.e.m.w.i.f.ResourceFilteringBuildParticipant - Executing resource filtering for studentHelper
2018-01-08 15:42:24,675 [Worker-15] INFO  o.e.m.c.i.embedder.EclipseLogger - Using 'UTF-8' encoding to copy filtered resources.
2018-01-08 15:43:27,926 [Worker-17] INFO  o.e.m.c.i.p.ProjectConfigurationManager - Update started
2018-01-08 15:43:28,134 [Worker-17] INFO  o.e.m.c.i.l.LifecycleMappingFactory - Using org.maven.ide.eclipse.wtp.WarLifecycleMapping lifecycle mapping for MavenProject: com.ty:studentHelper:0.0.1-SNAPSHOT @ D:\NewWebWorkSpace\studentHelper\pom.xml.
2018-01-08 15:43:28,446 [Worker-17] INFO  o.e.m.j.i.AbstractJavaProjectConfigurator - Adding source folder /studentHelper/src/main/java
2018-01-08 15:43:28,462 [Worker-17] INFO  o.e.m.j.i.AbstractJavaProjectConfigurator - Adding source folder /studentHelper/src/test/java
2018-01-08 15:43:28,745 [Worker-17] INFO  o.e.m.w.i.f.ResourceFilteringBuildParticipant - Cleaning filtered folder for studentHelper
2018-01-08 15:43:28,753 [Worker-17] INFO  o.e.m.c.i.p.ProjectConfigurationManager - Update completed: 0 sec
2018-01-08 15:43:28,938 [Worker-15] INFO  o.e.m.c.i.embedder.EclipseLogger - Using 'UTF-8' encoding to copy filtered resources.
2018-01-08 15:43:28,938 [Worker-15] INFO  o.e.m.c.i.embedder.EclipseLogger - skip non existing resourceDirectory D:\NewWebWorkSpace\studentHelper\src\main\resources
2018-01-08 15:43:28,938 [Worker-15] INFO  o.e.m.c.i.embedder.EclipseLogger - Using 'UTF-8' encoding to copy filtered resources.
2018-01-08 15:43:28,938 [Worker-15] INFO  o.e.m.c.i.embedder.EclipseLogger - skip non existing resourceDirectory D:\NewWebWorkSpace\studentHelper\src\test\resources
2018-01-08 15:43:28,938 [Worker-15] INFO  o.e.m.w.i.f.ResourceFilteringBuildParticipant - Changed resources require a complete clean of filtered resources of studentHelper
2018-01-08 15:43:28,938 [Worker-15] INFO  o.e.m.w.i.f.ResourceFilteringBuildParticipant - Executing resource filtering for studentHelper
2018-01-08 15:43:28,938 [Worker-15] INFO  o.e.m.c.i.embedder.EclipseLogger - Using 'UTF-8' encoding to copy filtered resources.
2018-01-08 15:43:29,979 [Worker-15] INFO  o.e.m.c.i.embedder.EclipseLogger - Using 'UTF-8' encoding to copy filtered resources.
2018-01-08 15:43:29,979 [Worker-15] INFO  o.e.m.c.i.embedder.EclipseLogger - skip non existing resourceDirectory D:\NewWebWorkSpace\studentHelper\src\main\resources
2018-01-08 15:43:29,979 [Worker-15] INFO  o.e.m.c.i.embedder.EclipseLogger - Using 'UTF-8' encoding to copy filtered resources.
2018-01-08 15:43:29,979 [Worker-15] INFO  o.e.m.c.i.embedder.EclipseLogger - skip non existing resourceDirectory D:\NewWebWorkSpace\studentHelper\src\test\resources
2018-01-08 15:44:07,903 [Worker-4] INFO  o.e.m.c.i.embedder.EclipseLogger - Using 'UTF-8' encoding to copy filtered resources.
2018-01-08 15:44:07,903 [Worker-4] INFO  o.e.m.c.i.embedder.EclipseLogger - skip non existing resourceDirectory D:\NewWebWorkSpace\studentHelper\src\main\resources
2018-01-08 15:44:07,903 [Worker-4] INFO  o.e.m.c.i.embedder.EclipseLogger - Using 'UTF-8' encoding to copy filtered resources.
2018-01-08 15:44:07,903 [Worker-4] INFO  o.e.m.c.i.embedder.EclipseLogger - skip non existing resourceDirectory D:\NewWebWorkSpace\studentHelper\src\test\resources
2018-01-08 15:44:21,492 [Worker-13] INFO  o.e.m.c.i.embedder.EclipseLogger - Using 'UTF-8' encoding to copy filtered resources.
2018-01-08 15:44:21,492 [Worker-13] INFO  o.e.m.c.i.embedder.EclipseLogger - skip non existing resourceDirectory D:\NewWebWorkSpace\studentHelper\src\main\resources
2018-01-08 15:44:21,492 [Worker-13] INFO  o.e.m.c.i.embedder.EclipseLogger - Using 'UTF-8' encoding to copy filtered resources.
2018-01-08 15:44:21,492 [Worker-13] INFO  o.e.m.c.i.embedder.EclipseLogger - skip non existing resourceDirectory D:\NewWebWorkSpace\studentHelper\src\test\resources
2018-01-08 15:44:33,061 [Worker-20] INFO  o.e.m.c.i.embedder.EclipseLogger - Using 'UTF-8' encoding to copy filtered resources.
2018-01-08 15:44:33,061 [Worker-20] INFO  o.e.m.c.i.embedder.EclipseLogger - skip non existing resourceDirectory D:\NewWebWorkSpace\studentHelper\src\main\resources
2018-01-08 15:44:33,061 [Worker-20] INFO  o.e.m.c.i.embedder.EclipseLogger - Using 'UTF-8' encoding to copy filtered resources.
2018-01-08 15:44:33,061 [Worker-20] INFO  o.e.m.c.i.embedder.EclipseLogger - skip non existing resourceDirectory D:\NewWebWorkSpace\studentHelper\src\test\resources
2018-01-08 15:44:43,241 [Worker-20] INFO  o.e.m.c.i.embedder.EclipseLogger - Using 'UTF-8' encoding to copy filtered resources.
2018-01-08 15:44:43,241 [Worker-20] INFO  o.e.m.c.i.embedder.EclipseLogger - skip non existing resourceDirectory D:\NewWebWorkSpace\studentHelper\src\main\resources
2018-01-08 15:44:43,257 [Worker-20] INFO  o.e.m.c.i.embedder.EclipseLogger - Using 'UTF-8' encoding to copy filtered resources.
2018-01-08 15:44:43,257 [Worker-20] INFO  o.e.m.c.i.embedder.EclipseLogger - skip non existing resourceDirectory D:\NewWebWorkSpace\studentHelper\src\test\resources
2018-01-08 15:45:06,252 [Worker-15] INFO  o.e.m.c.i.embedder.EclipseLogger - Using 'UTF-8' encoding to copy filtered resources.
2018-01-08 15:45:06,252 [Worker-15] INFO  o.e.m.c.i.embedder.EclipseLogger - skip non existing resourceDirectory D:\NewWebWorkSpace\studentHelper\src\main\resources
2018-01-08 15:45:06,268 [Worker-15] INFO  o.e.m.c.i.embedder.EclipseLogger - Using 'UTF-8' encoding to copy filtered resources.
2018-01-08 15:45:06,268 [Worker-15] INFO  o.e.m.c.i.embedder.EclipseLogger - skip non existing resourceDirectory D:\NewWebWorkSpace\studentHelper\src\test\resources
2018-01-08 15:45:13,198 [Worker-15] INFO  o.e.m.c.i.embedder.EclipseLogger - Using 'UTF-8' encoding to copy filtered resources.
2018-01-08 15:45:13,198 [Worker-15] INFO  o.e.m.c.i.embedder.EclipseLogger - skip non existing resourceDirectory D:\NewWebWorkSpace\studentHelper\src\main\resources
2018-01-08 15:45:13,198 [Worker-15] INFO  o.e.m.c.i.embedder.EclipseLogger - Using 'UTF-8' encoding to copy filtered resources.
2018-01-08 15:45:13,198 [Worker-15] INFO  o.e.m.c.i.embedder.EclipseLogger - skip non existing resourceDirectory D:\NewWebWorkSpace\studentHelper\src\test\resources
2018-01-08 15:46:27,401 [Worker-1] INFO  o.e.m.c.i.l.LifecycleMappingFactory - Using org.maven.ide.eclipse.wtp.WarLifecycleMapping lifecycle mapping for MavenProject: com.ty:studentHelper:0.0.1-SNAPSHOT @ D:\NewWebWorkSpace\studentHelper\pom.xml.
2018-01-08 15:46:27,754 [Worker-1] INFO  o.e.m.c.i.embedder.EclipseLogger - Using 'UTF-8' encoding to copy filtered resources.
2018-01-08 15:46:27,754 [Worker-1] INFO  o.e.m.c.i.embedder.EclipseLogger - skip non existing resourceDirectory D:\NewWebWorkSpace\studentHelper\src\main\resources
2018-01-08 15:46:27,756 [Worker-1] INFO  o.e.m.c.i.embedder.EclipseLogger - Using 'UTF-8' encoding to copy filtered resources.
2018-01-08 15:46:27,756 [Worker-1] INFO  o.e.m.c.i.embedder.EclipseLogger - skip non existing resourceDirectory D:\NewWebWorkSpace\studentHelper\src\test\resources
2018-01-08 15:46:27,756 [Worker-1] INFO  o.e.m.w.i.f.ResourceFilteringBuildParticipant - Changed resources require a complete clean of filtered resources of studentHelper
2018-01-08 15:46:27,756 [Worker-1] INFO  o.e.m.w.i.f.ResourceFilteringBuildParticipant - Executing resource filtering for studentHelper
2018-01-08 15:46:27,759 [Worker-1] INFO  o.e.m.c.i.embedder.EclipseLogger - Using 'UTF-8' encoding to copy filtered resources.
2018-01-08 15:46:28,806 [Worker-17] INFO  o.e.m.c.i.embedder.EclipseLogger - Using 'UTF-8' encoding to copy filtered resources.
2018-01-08 15:46:28,806 [Worker-17] INFO  o.e.m.c.i.embedder.EclipseLogger - skip non existing resourceDirectory D:\NewWebWorkSpace\studentHelper\src\main\resources
2018-01-08 15:46:28,806 [Worker-17] INFO  o.e.m.c.i.embedder.EclipseLogger - Using 'UTF-8' encoding to copy filtered resources.
2018-01-08 15:46:28,806 [Worker-17] INFO  o.e.m.c.i.embedder.EclipseLogger - skip non existing resourceDirectory D:\NewWebWorkSpace\studentHelper\src\test\resources
2018-01-08 15:46:38,056 [Worker-1] INFO  o.e.m.c.i.l.LifecycleMappingFactory - Using org.maven.ide.eclipse.wtp.WarLifecycleMapping lifecycle mapping for MavenProject: com.ty:studentHelper:0.0.1-SNAPSHOT @ D:\NewWebWorkSpace\studentHelper\pom.xml.
2018-01-08 15:46:38,399 [Worker-1] INFO  o.e.m.c.i.embedder.EclipseLogger - Using 'UTF-8' encoding to copy filtered resources.
2018-01-08 15:46:38,399 [Worker-1] INFO  o.e.m.c.i.embedder.EclipseLogger - skip non existing resourceDirectory D:\NewWebWorkSpace\studentHelper\src\main\resources
2018-01-08 15:46:38,399 [Worker-1] INFO  o.e.m.c.i.embedder.EclipseLogger - Using 'UTF-8' encoding to copy filtered resources.
2018-01-08 15:46:38,399 [Worker-1] INFO  o.e.m.c.i.embedder.EclipseLogger - skip non existing resourceDirectory D:\NewWebWorkSpace\studentHelper\src\test\resources
2018-01-08 15:46:38,399 [Worker-1] INFO  o.e.m.w.i.f.ResourceFilteringBuildParticipant - Changed resources require a complete clean of filtered resources of studentHelper
2018-01-08 15:46:38,399 [Worker-1] INFO  o.e.m.w.i.f.ResourceFilteringBuildParticipant - Executing resource filtering for studentHelper
2018-01-08 15:46:38,415 [Worker-1] INFO  o.e.m.c.i.embedder.EclipseLogger - Using 'UTF-8' encoding to copy filtered resources.
2018-01-08 15:47:09,350 [Worker-18] INFO  o.e.m.c.i.embedder.EclipseLogger - Using 'UTF-8' encoding to copy filtered resources.
2018-01-08 15:47:09,350 [Worker-18] INFO  o.e.m.c.i.embedder.EclipseLogger - skip non existing resourceDirectory D:\NewWebWorkSpace\studentHelper\src\main\resources
2018-01-08 15:47:09,351 [Worker-18] INFO  o.e.m.c.i.embedder.EclipseLogger - Using 'UTF-8' encoding to copy filtered resources.
2018-01-08 15:47:09,352 [Worker-18] INFO  o.e.m.c.i.embedder.EclipseLogger - skip non existing resourceDirectory D:\NewWebWorkSpace\studentHelper\src\test\resources
2018-01-08 15:47:21,443 [Worker-18] INFO  o.e.m.c.i.p.ProjectConfigurationManager - Update started
2018-01-08 15:47:21,663 [Worker-18] INFO  o.e.m.c.i.l.LifecycleMappingFactory - Using org.maven.ide.eclipse.wtp.WarLifecycleMapping lifecycle mapping for MavenProject: com.ty:studentHelper:0.0.1-SNAPSHOT @ D:\NewWebWorkSpace\studentHelper\pom.xml.
2018-01-08 15:47:21,986 [Worker-18] INFO  o.e.m.j.i.AbstractJavaProjectConfigurator - Adding source folder /studentHelper/src/main/java
2018-01-08 15:47:21,987 [Worker-18] INFO  o.e.m.j.i.AbstractJavaProjectConfigurator - Adding source folder /studentHelper/src/test/java
2018-01-08 15:47:22,188 [Worker-18] INFO  o.e.m.w.i.f.ResourceFilteringBuildParticipant - Cleaning filtered folder for studentHelper
2018-01-08 15:47:22,197 [Worker-18] INFO  o.e.m.c.i.p.ProjectConfigurationManager - Update completed: 0 sec
2018-01-08 15:47:22,388 [Worker-1] INFO  o.e.m.c.i.embedder.EclipseLogger - Using 'UTF-8' encoding to copy filtered resources.
2018-01-08 15:47:22,389 [Worker-1] INFO  o.e.m.c.i.embedder.EclipseLogger - skip non existing resourceDirectory D:\NewWebWorkSpace\studentHelper\src\main\resources
2018-01-08 15:47:22,391 [Worker-1] INFO  o.e.m.c.i.embedder.EclipseLogger - Using 'UTF-8' encoding to copy filtered resources.
2018-01-08 15:47:22,391 [Worker-1] INFO  o.e.m.c.i.embedder.EclipseLogger - skip non existing resourceDirectory D:\NewWebWorkSpace\studentHelper\src\test\resources
2018-01-08 15:47:22,391 [Worker-1] INFO  o.e.m.w.i.f.ResourceFilteringBuildParticipant - Changed resources require a complete clean of filtered resources of studentHelper
2018-01-08 15:47:22,391 [Worker-1] INFO  o.e.m.w.i.f.ResourceFilteringBuildParticipant - Executing resource filtering for studentHelper
2018-01-08 15:47:22,403 [Worker-1] INFO  o.e.m.c.i.embedder.EclipseLogger - Using 'UTF-8' encoding to copy filtered resources.
2018-01-08 15:48:11,961 [main] INFO  o.e.m2e.actions.ExecutePomAction - Creating new launch configuration
2018-01-08 15:48:19,955 [Worker-18] INFO  o.e.m.i.launch.MavenLaunchDelegate - D:\NewWebWorkSpace\studentHelper
2018-01-08 15:48:19,956 [Worker-18] INFO  o.e.m.i.launch.MavenLaunchDelegate -  mvn -B clean tomcat7:run
2018-01-08 15:48:58,005 [Worker-7] INFO  o.e.m.c.i.l.LifecycleMappingFactory - Using org.maven.ide.eclipse.wtp.WarLifecycleMapping lifecycle mapping for MavenProject: com.ty:studentHelper:0.0.1-SNAPSHOT @ D:\NewWebWorkSpace\studentHelper\pom.xml.
2018-01-08 15:48:58,437 [Worker-7] INFO  o.e.m.c.i.embedder.EclipseLogger - Using 'UTF-8' encoding to copy filtered resources.
2018-01-08 15:48:58,437 [Worker-7] INFO  o.e.m.c.i.embedder.EclipseLogger - skip non existing resourceDirectory D:\NewWebWorkSpace\studentHelper\src\main\resources
2018-01-08 15:48:58,438 [Worker-7] INFO  o.e.m.c.i.embedder.EclipseLogger - Using 'UTF-8' encoding to copy filtered resources.
2018-01-08 15:48:58,438 [Worker-7] INFO  o.e.m.c.i.embedder.EclipseLogger - skip non existing resourceDirectory D:\NewWebWorkSpace\studentHelper\src\test\resources
2018-01-08 15:48:58,439 [Worker-7] INFO  o.e.m.w.i.f.ResourceFilteringBuildParticipant - Changed resources require a complete clean of filtered resources of studentHelper
2018-01-08 15:48:58,439 [Worker-7] INFO  o.e.m.w.i.f.ResourceFilteringBuildParticipant - Executing resource filtering for studentHelper
2018-01-08 15:48:58,441 [Worker-7] INFO  o.e.m.c.i.embedder.EclipseLogger - Using 'UTF-8' encoding to copy filtered resources.
2018-01-08 15:49:02,875 [Worker-18] INFO  o.e.m.c.i.l.LifecycleMappingFactory - Using org.maven.ide.eclipse.wtp.WarLifecycleMapping lifecycle mapping for MavenProject: com.ty:studentHelper:0.0.1-SNAPSHOT @ D:\NewWebWorkSpace\studentHelper\pom.xml.
2018-01-08 15:49:03,167 [Worker-18] INFO  o.e.m.c.i.embedder.EclipseLogger - Using 'UTF-8' encoding to copy filtered resources.
2018-01-08 15:49:03,167 [Worker-18] INFO  o.e.m.c.i.embedder.EclipseLogger - skip non existing resourceDirectory D:\NewWebWorkSpace\studentHelper\src\main\resources
2018-01-08 15:49:03,168 [Worker-18] INFO  o.e.m.c.i.embedder.EclipseLogger - Using 'UTF-8' encoding to copy filtered resources.
2018-01-08 15:49:03,168 [Worker-18] INFO  o.e.m.c.i.embedder.EclipseLogger - skip non existing resourceDirectory D:\NewWebWorkSpace\studentHelper\src\test\resources
2018-01-08 15:49:03,169 [Worker-18] INFO  o.e.m.w.i.f.ResourceFilteringBuildParticipant - Changed resources require a complete clean of filtered resources of studentHelper
2018-01-08 15:49:03,169 [Worker-18] INFO  o.e.m.w.i.f.ResourceFilteringBuildParticipant - Executing resource filtering for studentHelper
2018-01-08 15:49:03,173 [Worker-18] INFO  o.e.m.c.i.embedder.EclipseLogger - Using 'UTF-8' encoding to copy filtered resources.
2018-01-08 15:49:05,079 [main] INFO  o.e.m2e.actions.ExecutePomAction - Using existing launch configuration
2018-01-08 15:49:05,172 [Worker-15] INFO  o.e.m.i.launch.MavenLaunchDelegate - D:\NewWebWorkSpace\studentHelper
2018-01-08 15:49:05,172 [Worker-15] INFO  o.e.m.i.launch.MavenLaunchDelegate -  mvn -B clean tomcat7:run
2018-01-08 15:49:14,431 [main] INFO  o.e.m2e.actions.ExecutePomAction - Using existing launch configuration
2018-01-08 15:49:14,448 [Worker-1] INFO  o.e.m.i.launch.MavenLaunchDelegate - D:\NewWebWorkSpace\studentHelper
2018-01-08 15:49:14,448 [Worker-1] INFO  o.e.m.i.launch.MavenLaunchDelegate -  mvn -B clean tomcat7:run
2018-01-08 15:49:47,336 [Worker-1] INFO  o.e.m.c.i.l.LifecycleMappingFactory - Using org.maven.ide.eclipse.wtp.WarLifecycleMapping lifecycle mapping for MavenProject: com.ty:studentHelper:0.0.1-SNAPSHOT @ D:\NewWebWorkSpace\studentHelper\pom.xml.
2018-01-08 15:49:47,632 [Worker-1] INFO  o.e.m.c.i.embedder.EclipseLogger - Using 'UTF-8' encoding to copy filtered resources.
2018-01-08 15:49:47,632 [Worker-1] INFO  o.e.m.c.i.embedder.EclipseLogger - skip non existing resourceDirectory D:\NewWebWorkSpace\studentHelper\src\main\resources
2018-01-08 15:49:47,637 [Worker-1] INFO  o.e.m.c.i.embedder.EclipseLogger - Using 'UTF-8' encoding to copy filtered resources.
2018-01-08 15:49:47,637 [Worker-1] INFO  o.e.m.c.i.embedder.EclipseLogger - skip non existing resourceDirectory D:\NewWebWorkSpace\studentHelper\src\test\resources
2018-01-08 15:49:47,637 [Worker-1] INFO  o.e.m.w.i.f.ResourceFilteringBuildParticipant - Changed resources require a complete clean of filtered resources of studentHelper
2018-01-08 15:49:47,637 [Worker-1] INFO  o.e.m.w.i.f.ResourceFilteringBuildParticipant - Executing resource filtering for studentHelper
2018-01-08 15:49:47,641 [Worker-1] INFO  o.e.m.c.i.embedder.EclipseLogger - Using 'UTF-8' encoding to copy filtered resources.
2018-01-08 15:50:01,402 [Worker-1] INFO  o.e.m.c.i.l.LifecycleMappingFactory - Using org.maven.ide.eclipse.wtp.WarLifecycleMapping lifecycle mapping for MavenProject: com.ty:studentHelper:0.0.1-SNAPSHOT @ D:\NewWebWorkSpace\studentHelper\pom.xml.
2018-01-08 15:50:01,963 [Worker-1] INFO  o.e.m.c.i.embedder.EclipseLogger - Using 'UTF-8' encoding to copy filtered resources.
2018-01-08 15:50:01,964 [Worker-1] INFO  o.e.m.c.i.embedder.EclipseLogger - skip non existing resourceDirectory D:\NewWebWorkSpace\studentHelper\src\main\resources
2018-01-08 15:50:01,965 [Worker-1] INFO  o.e.m.c.i.embedder.EclipseLogger - Using 'UTF-8' encoding to copy filtered resources.
2018-01-08 15:50:01,965 [Worker-1] INFO  o.e.m.c.i.embedder.EclipseLogger - skip non existing resourceDirectory D:\NewWebWorkSpace\studentHelper\src\test\resources
2018-01-08 15:50:01,966 [Worker-1] INFO  o.e.m.w.i.f.ResourceFilteringBuildParticipant - Changed resources require a complete clean of filtered resources of studentHelper
2018-01-08 15:50:01,966 [Worker-1] INFO  o.e.m.w.i.f.ResourceFilteringBuildParticipant - Executing resource filtering for studentHelper
2018-01-08 15:50:01,969 [Worker-1] INFO  o.e.m.c.i.embedder.EclipseLogger - Using 'UTF-8' encoding to copy filtered resources.
2018-01-08 15:50:03,331 [Worker-15] INFO  o.e.m.c.i.embedder.EclipseLogger - Using 'UTF-8' encoding to copy filtered resources.
2018-01-08 15:50:03,332 [Worker-15] INFO  o.e.m.c.i.embedder.EclipseLogger - skip non existing resourceDirectory D:\NewWebWorkSpace\studentHelper\src\main\resources
2018-01-08 15:50:03,333 [Worker-15] INFO  o.e.m.c.i.embedder.EclipseLogger - Using 'UTF-8' encoding to copy filtered resources.
2018-01-08 15:50:03,334 [Worker-15] INFO  o.e.m.c.i.embedder.EclipseLogger - skip non existing resourceDirectory D:\NewWebWorkSpace\studentHelper\src\test\resources
2018-01-08 15:50:12,156 [Worker-8] INFO  o.e.m.c.i.p.ProjectConfigurationManager - Update started
2018-01-08 15:50:12,342 [Worker-8] INFO  o.e.m.c.i.l.LifecycleMappingFactory - Using org.maven.ide.eclipse.wtp.WarLifecycleMapping lifecycle mapping for MavenProject: com.ty:studentHelper:0.0.1-SNAPSHOT @ D:\NewWebWorkSpace\studentHelper\pom.xml.
2018-01-08 15:50:12,777 [Worker-8] INFO  o.e.m.j.i.AbstractJavaProjectConfigurator - Adding source folder /studentHelper/src/main/java
2018-01-08 15:50:12,778 [Worker-8] INFO  o.e.m.j.i.AbstractJavaProjectConfigurator - Adding source folder /studentHelper/src/test/java
2018-01-08 15:50:13,041 [Worker-8] INFO  o.e.m.w.i.f.ResourceFilteringBuildParticipant - Cleaning filtered folder for studentHelper
2018-01-08 15:50:13,054 [Worker-8] INFO  o.e.m.c.i.p.ProjectConfigurationManager - Update completed: 0 sec
2018-01-08 15:50:13,416 [Worker-20] INFO  o.e.m.c.i.embedder.EclipseLogger - Using 'UTF-8' encoding to copy filtered resources.
2018-01-08 15:50:13,416 [Worker-20] INFO  o.e.m.c.i.embedder.EclipseLogger - skip non existing resourceDirectory D:\NewWebWorkSpace\studentHelper\src\main\resources
2018-01-08 15:50:13,417 [Worker-20] INFO  o.e.m.c.i.embedder.EclipseLogger - Using 'UTF-8' encoding to copy filtered resources.
2018-01-08 15:50:13,417 [Worker-20] INFO  o.e.m.c.i.embedder.EclipseLogger - skip non existing resourceDirectory D:\NewWebWorkSpace\studentHelper\src\test\resources
2018-01-08 15:50:13,418 [Worker-20] INFO  o.e.m.w.i.f.ResourceFilteringBuildParticipant - Changed resources require a complete clean of filtered resources of studentHelper
2018-01-08 15:50:13,418 [Worker-20] INFO  o.e.m.w.i.f.ResourceFilteringBuildParticipant - Executing resource filtering for studentHelper
2018-01-08 15:50:13,422 [Worker-20] INFO  o.e.m.c.i.embedder.EclipseLogger - Using 'UTF-8' encoding to copy filtered resources.
2018-01-08 15:50:25,163 [main] INFO  o.e.m2e.actions.ExecutePomAction - Using existing launch configuration
2018-01-08 15:50:25,176 [Worker-18] INFO  o.e.m.i.launch.MavenLaunchDelegate - D:\NewWebWorkSpace\studentHelper
2018-01-08 15:50:25,176 [Worker-18] INFO  o.e.m.i.launch.MavenLaunchDelegate -  mvn -B clean tomcat7:run
2018-01-08 15:53:11,929 [Worker-17] INFO  o.e.m.c.i.l.LifecycleMappingFactory - Using org.maven.ide.eclipse.wtp.WarLifecycleMapping lifecycle mapping for MavenProject: com.ty:studentHelper:0.0.1-SNAPSHOT @ D:\NewWebWorkSpace\studentHelper\pom.xml.
2018-01-08 15:53:12,360 [Worker-17] INFO  o.e.m.c.i.embedder.EclipseLogger - Using 'UTF-8' encoding to copy filtered resources.
2018-01-08 15:53:12,360 [Worker-17] INFO  o.e.m.c.i.embedder.EclipseLogger - skip non existing resourceDirectory D:\NewWebWorkSpace\studentHelper\src\main\resources
2018-01-08 15:53:12,361 [Worker-17] INFO  o.e.m.c.i.embedder.EclipseLogger - Using 'UTF-8' encoding to copy filtered resources.
2018-01-08 15:53:12,362 [Worker-17] INFO  o.e.m.c.i.embedder.EclipseLogger - skip non existing resourceDirectory D:\NewWebWorkSpace\studentHelper\src\test\resources
2018-01-08 15:53:12,362 [Worker-17] INFO  o.e.m.w.i.f.ResourceFilteringBuildParticipant - Changed resources require a complete clean of filtered resources of studentHelper
2018-01-08 15:53:12,362 [Worker-17] INFO  o.e.m.w.i.f.ResourceFilteringBuildParticipant - Executing resource filtering for studentHelper
2018-01-08 15:53:12,365 [Worker-17] INFO  o.e.m.c.i.embedder.EclipseLogger - Using 'UTF-8' encoding to copy filtered resources.
2018-01-08 15:55:39,837 [Worker-21] INFO  o.e.m.i.launch.MavenLaunchDelegate - D:\NewWebWorkSpace\parent
2018-01-08 15:55:39,837 [Worker-21] INFO  o.e.m.i.launch.MavenLaunchDelegate -  mvn -B install
2018-01-08 15:55:48,431 [main] INFO  o.e.m2e.actions.ExecutePomAction - Using existing launch configuration
2018-01-08 15:55:48,501 [Worker-17] INFO  o.e.m.i.launch.MavenLaunchDelegate - D:\NewWebWorkSpace\studentHelper
2018-01-08 15:55:48,502 [Worker-17] INFO  o.e.m.i.launch.MavenLaunchDelegate -  mvn -B clean tomcat7:run
2018-01-08 15:56:43,997 [Worker-13] INFO  o.e.m.c.i.embedder.EclipseLogger - Using 'UTF-8' encoding to copy filtered resources.
2018-01-08 15:56:43,997 [Worker-13] INFO  o.e.m.c.i.embedder.EclipseLogger - skip non existing resourceDirectory D:\NewWebWorkSpace\studentHelper\src\main\resources
2018-01-08 15:56:43,998 [Worker-13] INFO  o.e.m.c.i.embedder.EclipseLogger - Using 'UTF-8' encoding to copy filtered resources.
2018-01-08 15:56:43,998 [Worker-13] INFO  o.e.m.c.i.embedder.EclipseLogger - skip non existing resourceDirectory D:\NewWebWorkSpace\studentHelper\src\test\resources
2018-01-08 15:56:48,325 [main] INFO  o.e.m2e.actions.ExecutePomAction - Using existing launch configuration
2018-01-08 15:56:48,398 [Worker-15] INFO  o.e.m.i.launch.MavenLaunchDelegate - D:\NewWebWorkSpace\studentHelper
2018-01-08 15:56:48,398 [Worker-15] INFO  o.e.m.i.launch.MavenLaunchDelegate -  mvn -B clean tomcat7:run
2018-01-08 16:02:23,418 [Worker-8] INFO  o.e.m.c.i.embedder.EclipseLogger - Using 'UTF-8' encoding to copy filtered resources.
2018-01-08 16:02:23,418 [Worker-8] INFO  o.e.m.c.i.embedder.EclipseLogger - skip non existing resourceDirectory D:\NewWebWorkSpace\studentHelper\src\main\resources
2018-01-08 16:02:23,419 [Worker-8] INFO  o.e.m.c.i.embedder.EclipseLogger - Using 'UTF-8' encoding to copy filtered resources.
2018-01-08 16:02:23,419 [Worker-8] INFO  o.e.m.c.i.embedder.EclipseLogger - skip non existing resourceDirectory D:\NewWebWorkSpace\studentHelper\src\test\resources
2018-01-08 16:02:30,905 [main] INFO  o.e.m2e.actions.ExecutePomAction - Using existing launch configuration
2018-01-08 16:02:30,977 [Worker-18] INFO  o.e.m.i.launch.MavenLaunchDelegate - D:\NewWebWorkSpace\studentHelper
2018-01-08 16:02:30,977 [Worker-18] INFO  o.e.m.i.launch.MavenLaunchDelegate -  mvn -B clean tomcat7:run
2018-01-08 16:03:15,423 [main] INFO  o.e.m2e.actions.ExecutePomAction - Using existing launch configuration
2018-01-08 16:03:15,431 [Worker-22] INFO  o.e.m.i.launch.MavenLaunchDelegate - D:\NewWebWorkSpace\studentHelper
2018-01-08 16:03:15,431 [Worker-22] INFO  o.e.m.i.launch.MavenLaunchDelegate -  mvn -B clean tomcat7:run
2018-01-08 16:05:19,861 [Worker-22] INFO  o.e.m.c.i.embedder.EclipseLogger - Using 'UTF-8' encoding to copy filtered resources.
2018-01-08 16:05:19,867 [Worker-22] INFO  o.e.m.c.i.embedder.EclipseLogger - Copying 0 resource
2018-01-08 16:05:19,868 [Worker-22] INFO  o.e.m.c.i.embedder.EclipseLogger - Using 'UTF-8' encoding to copy filtered resources.
2018-01-08 16:05:19,868 [Worker-22] INFO  o.e.m.c.i.embedder.EclipseLogger - skip non existing resourceDirectory D:\NewWebWorkSpace\studentHelper\src\test\resources
2018-01-08 16:05:51,816 [Worker-18] INFO  o.e.m.c.i.embedder.EclipseLogger - Using 'UTF-8' encoding to copy filtered resources.
2018-01-08 16:05:51,830 [Worker-18] INFO  o.e.m.c.i.embedder.EclipseLogger - Copying 1 resource
2018-01-08 16:05:51,838 [Worker-18] INFO  o.e.m.c.i.embedder.EclipseLogger - Using 'UTF-8' encoding to copy filtered resources.
2018-01-08 16:05:51,839 [Worker-18] INFO  o.e.m.c.i.embedder.EclipseLogger - skip non existing resourceDirectory D:\NewWebWorkSpace\studentHelper\src\test\resources
2018-01-08 16:06:00,316 [Worker-22] INFO  o.e.m.c.i.embedder.EclipseLogger - Using 'UTF-8' encoding to copy filtered resources.
2018-01-08 16:06:00,317 [Worker-22] INFO  o.e.m.c.i.embedder.EclipseLogger - Copying 4 resources
2018-01-08 16:06:00,317 [Worker-22] INFO  o.e.m.c.i.embedder.EclipseLogger - Using 'UTF-8' encoding to copy filtered resources.
2018-01-08 16:06:00,318 [Worker-22] INFO  o.e.m.c.i.embedder.EclipseLogger - skip non existing resourceDirectory D:\NewWebWorkSpace\studentHelper\src\test\resources
2018-01-08 16:06:17,330 [Worker-18] INFO  o.e.m.c.i.embedder.EclipseLogger - Using 'UTF-8' encoding to copy filtered resources.
2018-01-08 16:06:17,333 [Worker-18] INFO  o.e.m.c.i.embedder.EclipseLogger - Copying 6 resources
2018-01-08 16:06:17,335 [Worker-18] INFO  o.e.m.c.i.embedder.EclipseLogger - Using 'UTF-8' encoding to copy filtered resources.
2018-01-08 16:06:17,335 [Worker-18] INFO  o.e.m.c.i.embedder.EclipseLogger - skip non existing resourceDirectory D:\NewWebWorkSpace\studentHelper\src\test\resources
2018-01-08 16:06:24,735 [Worker-25] INFO  o.e.m.c.i.embedder.EclipseLogger - Using 'UTF-8' encoding to copy filtered resources.
2018-01-08 16:06:24,735 [Worker-25] INFO  o.e.m.c.i.embedder.EclipseLogger - Copying 0 resource
2018-01-08 16:06:24,738 [Worker-25] INFO  o.e.m.c.i.embedder.EclipseLogger - Using 'UTF-8' encoding to copy filtered resources.
2018-01-08 16:06:24,738 [Worker-25] INFO  o.e.m.c.i.embedder.EclipseLogger - skip non existing resourceDirectory D:\NewWebWorkSpace\studentHelper\src\test\resources
2018-01-08 16:06:38,079 [Worker-22] INFO  o.e.m.c.i.embedder.EclipseLogger - Using 'UTF-8' encoding to copy filtered resources.
2018-01-08 16:06:38,080 [Worker-22] INFO  o.e.m.c.i.embedder.EclipseLogger - Copying 6 resources
2018-01-08 16:06:38,085 [Worker-22] INFO  o.e.m.c.i.embedder.EclipseLogger - Using 'UTF-8' encoding to copy filtered resources.
2018-01-08 16:06:38,086 [Worker-22] INFO  o.e.m.c.i.embedder.EclipseLogger - skip non existing resourceDirectory D:\NewWebWorkSpace\studentHelper\src\test\resources
2018-01-08 16:07:02,063 [main] INFO  o.e.m2e.actions.ExecutePomAction - Using existing launch configuration
2018-01-08 16:07:05,542 [Worker-23] INFO  o.e.m.i.launch.MavenLaunchDelegate - D:\NewWebWorkSpace\studentHelper
2018-01-08 16:07:05,542 [Worker-23] INFO  o.e.m.i.launch.MavenLaunchDelegate -  mvn -B clean tomcat7:run
2018-01-08 16:07:16,583 [main] INFO  o.e.m2e.actions.ExecutePomAction - Using existing launch configuration
2018-01-08 16:07:16,686 [Worker-18] INFO  o.e.m.i.launch.MavenLaunchDelegate - D:\NewWebWorkSpace\studentHelper
2018-01-08 16:07:16,708 [Worker-18] INFO  o.e.m.i.launch.MavenLaunchDelegate -  mvn -B clean tomcat7:run
2018-01-08 16:07:32,681 [main] INFO  o.e.m2e.actions.ExecutePomAction - Using existing launch configuration
2018-01-08 16:07:32,692 [Worker-8] INFO  o.e.m.i.launch.MavenLaunchDelegate - D:\NewWebWorkSpace\studentHelper
2018-01-08 16:07:32,692 [Worker-8] INFO  o.e.m.i.launch.MavenLaunchDelegate -  mvn -B clean tomcat7:run
2018-01-08 16:09:02,126 [Worker-28] INFO  o.e.m.c.i.embedder.EclipseLogger - Using 'UTF-8' encoding to copy filtered resources.
2018-01-08 16:09:02,127 [Worker-28] INFO  o.e.m.c.i.embedder.EclipseLogger - Copying 6 resources
2018-01-08 16:09:02,128 [Worker-28] INFO  o.e.m.c.i.embedder.EclipseLogger - Using 'UTF-8' encoding to copy filtered resources.
2018-01-08 16:09:02,128 [Worker-28] INFO  o.e.m.c.i.embedder.EclipseLogger - skip non existing resourceDirectory D:\NewWebWorkSpace\studentHelper\src\test\resources
2018-01-08 16:09:09,599 [main] INFO  o.e.m2e.actions.ExecutePomAction - Using existing launch configuration
2018-01-08 16:09:09,608 [Worker-27] INFO  o.e.m.i.launch.MavenLaunchDelegate - D:\NewWebWorkSpace\studentHelper
2018-01-08 16:09:09,608 [Worker-27] INFO  o.e.m.i.launch.MavenLaunchDelegate -  mvn -B clean tomcat7:run
2018-01-08 16:10:49,123 [Worker-26] INFO  o.e.m.c.i.embedder.EclipseLogger - Using 'UTF-8' encoding to copy filtered resources.
2018-01-08 16:10:49,124 [Worker-26] INFO  o.e.m.c.i.embedder.EclipseLogger - Copying 6 resources
2018-01-08 16:10:49,124 [Worker-26] INFO  o.e.m.c.i.embedder.EclipseLogger - Using 'UTF-8' encoding to copy filtered resources.
2018-01-08 16:10:49,125 [Worker-26] INFO  o.e.m.c.i.embedder.EclipseLogger - skip non existing resourceDirectory D:\NewWebWorkSpace\studentHelper\src\test\resources
2018-01-08 16:11:08,107 [Worker-28] INFO  o.e.m.c.i.l.LifecycleMappingFactory - Using org.maven.ide.eclipse.wtp.WarLifecycleMapping lifecycle mapping for MavenProject: com.ty:studentHelper:0.0.1-SNAPSHOT @ D:\NewWebWorkSpace\studentHelper\pom.xml.
2018-01-08 16:11:08,635 [Worker-28] INFO  o.e.m.c.i.embedder.EclipseLogger - Using 'UTF-8' encoding to copy filtered resources.
2018-01-08 16:11:08,639 [Worker-28] INFO  o.e.m.c.i.embedder.EclipseLogger - Copying 0 resource
2018-01-08 16:11:08,640 [Worker-28] INFO  o.e.m.c.i.embedder.EclipseLogger - Using 'UTF-8' encoding to copy filtered resources.
2018-01-08 16:11:08,641 [Worker-28] INFO  o.e.m.c.i.embedder.EclipseLogger - skip non existing resourceDirectory D:\NewWebWorkSpace\studentHelper\src\test\resources
2018-01-08 16:11:08,641 [Worker-28] INFO  o.e.m.w.i.f.ResourceFilteringBuildParticipant - Changed resources require a complete clean of filtered resources of studentHelper
2018-01-08 16:11:08,641 [Worker-28] INFO  o.e.m.w.i.f.ResourceFilteringBuildParticipant - Executing resource filtering for studentHelper
2018-01-08 16:11:08,644 [Worker-28] INFO  o.e.m.c.i.embedder.EclipseLogger - Using 'UTF-8' encoding to copy filtered resources.
2018-01-08 16:11:28,863 [Worker-26] INFO  o.e.m.c.i.l.LifecycleMappingFactory - Using org.maven.ide.eclipse.wtp.WarLifecycleMapping lifecycle mapping for MavenProject: com.ty:studentHelper:0.0.1-SNAPSHOT @ D:\NewWebWorkSpace\studentHelper\pom.xml.
2018-01-08 16:11:29,284 [Worker-26] INFO  o.e.m.c.i.embedder.EclipseLogger - Using 'UTF-8' encoding to copy filtered resources.
2018-01-08 16:11:29,287 [Worker-26] INFO  o.e.m.c.i.embedder.EclipseLogger - Copying 0 resource
2018-01-08 16:11:29,288 [Worker-26] INFO  o.e.m.c.i.embedder.EclipseLogger - Using 'UTF-8' encoding to copy filtered resources.
2018-01-08 16:11:29,288 [Worker-26] INFO  o.e.m.c.i.embedder.EclipseLogger - skip non existing resourceDirectory D:\NewWebWorkSpace\studentHelper\src\test\resources
2018-01-08 16:11:29,289 [Worker-26] INFO  o.e.m.w.i.f.ResourceFilteringBuildParticipant - Changed resources require a complete clean of filtered resources of studentHelper
2018-01-08 16:11:29,289 [Worker-26] INFO  o.e.m.w.i.f.ResourceFilteringBuildParticipant - Executing resource filtering for studentHelper
2018-01-08 16:11:29,292 [Worker-26] INFO  o.e.m.c.i.embedder.EclipseLogger - Using 'UTF-8' encoding to copy filtered resources.
2018-01-08 16:11:33,446 [main] INFO  o.e.m2e.actions.ExecutePomAction - Using existing launch configuration
2018-01-08 16:11:33,476 [Worker-23] INFO  o.e.m.i.launch.MavenLaunchDelegate - D:\NewWebWorkSpace\studentHelper
2018-01-08 16:11:33,477 [Worker-23] INFO  o.e.m.i.launch.MavenLaunchDelegate -  mvn -B clean tomcat7:run
2018-01-08 16:12:17,093 [Worker-26] INFO  o.e.m.c.i.embedder.EclipseLogger - Using 'UTF-8' encoding to copy filtered resources.
2018-01-08 16:12:17,098 [Worker-26] INFO  o.e.m.c.i.embedder.EclipseLogger - Copying 6 resources
2018-01-08 16:12:17,103 [Worker-26] INFO  o.e.m.c.i.embedder.EclipseLogger - Using 'UTF-8' encoding to copy filtered resources.
2018-01-08 16:12:17,103 [Worker-26] INFO  o.e.m.c.i.embedder.EclipseLogger - skip non existing resourceDirectory D:\NewWebWorkSpace\studentHelper\src\test\resources
2018-01-08 16:13:00,532 [Worker-8] INFO  o.e.m.c.i.embedder.EclipseLogger - Using 'UTF-8' encoding to copy filtered resources.
2018-01-08 16:13:00,533 [Worker-8] INFO  o.e.m.c.i.embedder.EclipseLogger - Copying 6 resources
2018-01-08 16:13:00,535 [Worker-8] INFO  o.e.m.c.i.embedder.EclipseLogger - Using 'UTF-8' encoding to copy filtered resources.
2018-01-08 16:13:00,535 [Worker-8] INFO  o.e.m.c.i.embedder.EclipseLogger - skip non existing resourceDirectory D:\NewWebWorkSpace\studentHelper\src\test\resources
2018-01-08 16:13:08,873 [Worker-23] INFO  o.e.m.c.i.embedder.EclipseLogger - Using 'UTF-8' encoding to copy filtered resources.
2018-01-08 16:13:08,874 [Worker-23] INFO  o.e.m.c.i.embedder.EclipseLogger - Copying 6 resources
2018-01-08 16:13:08,875 [Worker-23] INFO  o.e.m.c.i.embedder.EclipseLogger - Using 'UTF-8' encoding to copy filtered resources.
2018-01-08 16:13:08,875 [Worker-23] INFO  o.e.m.c.i.embedder.EclipseLogger - skip non existing resourceDirectory D:\NewWebWorkSpace\studentHelper\src\test\resources
2018-01-08 16:13:32,592 [Worker-26] INFO  o.e.m.c.i.embedder.EclipseLogger - Using 'UTF-8' encoding to copy filtered resources.
2018-01-08 16:13:32,592 [Worker-26] INFO  o.e.m.c.i.embedder.EclipseLogger - Copying 0 resource
2018-01-08 16:13:32,593 [Worker-26] INFO  o.e.m.c.i.embedder.EclipseLogger - Using 'UTF-8' encoding to copy filtered resources.
2018-01-08 16:13:32,593 [Worker-26] INFO  o.e.m.c.i.embedder.EclipseLogger - skip non existing resourceDirectory D:\NewWebWorkSpace\studentHelper\src\test\resources
2018-01-08 16:13:39,927 [Worker-22] INFO  o.e.m.c.i.embedder.EclipseLogger - Using 'UTF-8' encoding to copy filtered resources.
2018-01-08 16:13:39,928 [Worker-22] INFO  o.e.m.c.i.embedder.EclipseLogger - Copying 6 resources
2018-01-08 16:13:39,929 [Worker-22] INFO  o.e.m.c.i.embedder.EclipseLogger - Using 'UTF-8' encoding to copy filtered resources.
2018-01-08 16:13:39,929 [Worker-22] INFO  o.e.m.c.i.embedder.EclipseLogger - skip non existing resourceDirectory D:\NewWebWorkSpace\studentHelper\src\test\resources
2018-01-08 16:13:47,771 [Worker-18] INFO  o.e.m.c.i.embedder.EclipseLogger - Using 'UTF-8' encoding to copy filtered resources.
2018-01-08 16:13:47,772 [Worker-18] INFO  o.e.m.c.i.embedder.EclipseLogger - Copying 6 resources
2018-01-08 16:13:47,773 [Worker-18] INFO  o.e.m.c.i.embedder.EclipseLogger - Using 'UTF-8' encoding to copy filtered resources.
2018-01-08 16:13:47,773 [Worker-18] INFO  o.e.m.c.i.embedder.EclipseLogger - skip non existing resourceDirectory D:\NewWebWorkSpace\studentHelper\src\test\resources
2018-01-08 16:16:46,539 [Worker-29] INFO  o.e.m.c.i.embedder.EclipseLogger - Using 'UTF-8' encoding to copy filtered resources.
2018-01-08 16:16:46,541 [Worker-29] INFO  o.e.m.c.i.embedder.EclipseLogger - Copying 6 resources
2018-01-08 16:16:46,544 [Worker-29] INFO  o.e.m.c.i.embedder.EclipseLogger - Using 'UTF-8' encoding to copy filtered resources.
2018-01-08 16:16:46,544 [Worker-29] INFO  o.e.m.c.i.embedder.EclipseLogger - skip non existing resourceDirectory D:\NewWebWorkSpace\studentHelper\src\test\resources
2018-01-08 16:17:00,759 [Worker-29] INFO  o.e.m.c.i.embedder.EclipseLogger - Using 'UTF-8' encoding to copy filtered resources.
2018-01-08 16:17:00,760 [Worker-29] INFO  o.e.m.c.i.embedder.EclipseLogger - Copying 6 resources
2018-01-08 16:17:00,762 [Worker-29] INFO  o.e.m.c.i.embedder.EclipseLogger - Using 'UTF-8' encoding to copy filtered resources.
2018-01-08 16:17:00,762 [Worker-29] INFO  o.e.m.c.i.embedder.EclipseLogger - skip non existing resourceDirectory D:\NewWebWorkSpace\studentHelper\src\test\resources
